Using pre-set license
Built from '2020.2/release' branch; Version is '2020.2.2f1 (068178b99f32) revision 426360'; Using compiler version '192528614'; Build Type 'Release'
OS: 'Windows 10 Home; OS build 19041.804; Version 2004; 64bit' Language: 'en' Physical Memory: 16344 MB
BatchMode: 1, IsHumanControllingUs: 0, StartBugReporterOnCrash: 0, Is64bit: 1, IsPro: 0

 COMMAND LINE ARGUMENTS:
C:\Program Files\Unity\Hub\Editor\2020.2.2f1\Editor\Unity.exe
-adb2
-batchMode
-noUpm
-name
AssetImportWorker0
-projectPath
F:/SIM495/SIM495 Project
-logFile
Logs/AssetImportWorker0.log
-srvPort
59630
Successfully changed project path to: F:/SIM495/SIM495 Project
F:/SIM495/SIM495 Project
Using Asset Import Pipeline V2.
Refreshing native plugins compatible for Editor in 18.86 ms, found 0 plugins.
Preloading 0 native plugins for Editor in 0.00 ms.
Initialize engine version: 2020.2.2f1 (068178b99f32)
[Subsystems] Discovering subsystems at path C:/Program Files/Unity/Hub/Editor/2020.2.2f1/Editor/Data/Resources/UnitySubsystems
[Subsystems] Discovering subsystems at path F:/SIM495/SIM495 Project/Assets
GfxDevice: creating device client; threaded=0
Direct3D:
    Version:  Direct3D 11.0 [level 11.1]
    Renderer: NVIDIA GeForce GTX 1070 Ti (ID=0x1b82)
    Vendor:   
    VRAM:     8079 MB
    Driver:   27.21.14.6089
Initialize mono
Mono path[0] = 'C:/Program Files/Unity/Hub/Editor/2020.2.2f1/Editor/Data/Managed'
Mono path[1] = 'C:/Program Files/Unity/Hub/Editor/2020.2.2f1/Editor/Data/MonoBleedingEdge/lib/mono/unityjit'
Mono config path = 'C:/Program Files/Unity/Hub/Editor/2020.2.2f1/Editor/Data/MonoBleedingEdge/etc'
Using monoOptions --debugger-agent=transport=dt_socket,embedding=1,server=y,suspend=n,address=127.0.0.1:56708
Begin MonoManager ReloadAssembly
Registering precompiled unity dll's ...
Register platform support module: C:/Program Files/Unity/Hub/Editor/2020.2.2f1/Editor/Data/PlaybackEngines/WebGLSupport/UnityEditor.WebGL.Extensions.dll
Register platform support module: C:/Program Files/Unity/Hub/Editor/2020.2.2f1/Editor/Data/PlaybackEngines/WindowsStandaloneSupport/UnityEditor.WindowsStandalone.Extensions.dll
Registered in 0.002422 seconds.
Native extension for WindowsStandalone target not found
Native extension for WebGL target not found
Refreshing native plugins compatible for Editor in 18.71 ms, found 0 plugins.
Preloading 0 native plugins for Editor in 0.00 ms.
Invoked RoslynAnalysisRunner static constructor.
RoslynAnalysisRunner will not be running.
RoslynAnalysisRunner has terminated.
Mono: successfully reloaded assembly
- Completed reload, in  1.645 seconds
Platform modules already initialized, skipping
Registering precompiled user dll's ...
Registered in 0.000538 seconds.
Begin MonoManager ReloadAssembly
Native extension for WindowsStandalone target not found
Native extension for WebGL target not found
Refreshing native plugins compatible for Editor in 0.17 ms, found 0 plugins.
Preloading 0 native plugins for Editor in 0.00 ms.
Invoked RoslynAnalysisRunner static constructor.
RoslynAnalysisRunner will not be running.
RoslynAnalysisRunner has terminated.
Mono: successfully reloaded assembly
- Completed reload, in  0.674 seconds
Platform modules already initialized, skipping
========================================================================
Worker process is ready to serve import requests
Launched and connected shader compiler UnityShaderCompiler.exe after 0.06 seconds
Refreshing native plugins compatible for Editor in 0.17 ms, found 0 plugins.
Preloading 0 native plugins for Editor in 0.00 ms.
Unloading 1099 Unused Serialized files (Serialized files now loaded: 0)
System memory in use before: 56.5 MB.
System memory in use after: 56.5 MB.

Unloading 10 unused Assets to reduce memory usage. Loaded Objects now: 1540.
Total: 1.739500 ms (FindLiveObjects: 0.168200 ms CreateObjectMapping: 0.038500 ms MarkObjects: 1.457900 ms  DeleteObjects: 0.073700 ms)

========================================================================
Received Import Request.
  path: Assets
  artifactKey: Guid(00000000000000001000000000000000) Importer(815301076,1909f56bfc062723c751e8b465ee728b)
Start importing Assets using Guid(00000000000000001000000000000000) Importer(815301076,1909f56bfc062723c751e8b465ee728b)  -> (artifact id: '4a6e520b92ccfc61bcfa21a7bcab8468') in 0.007875 seconds
  Import took 0.009942 seconds .

========================================================================
Received Import Request.
  Time since last request: 4.483574 seconds.
  path: Assets/Scene Import
  artifactKey: Guid(77fad9e963914c8459f652f97cf09e43) Importer(815301076,1909f56bfc062723c751e8b465ee728b)
Start importing Assets/Scene Import using Guid(77fad9e963914c8459f652f97cf09e43) Importer(815301076,1909f56bfc062723c751e8b465ee728b)  -> (artifact id: '50e9e2a0f59de991fa7e5341a11d9517') in 0.006793 seconds
  Import took 0.025989 seconds .

========================================================================
Received Import Request.
  Time since last request: 24.619570 seconds.
  path: Assets/Scene Import/Fast Food.obj
  artifactKey: Guid(5ff5470892f5eff468485c3e2b8002ed) Importer(815301076,1909f56bfc062723c751e8b465ee728b)
Start importing Assets/Scene Import/Fast Food.obj using Guid(5ff5470892f5eff468485c3e2b8002ed) Importer(815301076,1909f56bfc062723c751e8b465ee728b)  -> (artifact id: '8592eab442e7f756c3be9f1736bce97e') in 4.306071 seconds
  Import took 4.316661 seconds .

========================================================================
Received Import Request.
  Time since last request: 36.121625 seconds.
  path: Assets/Scene Import/Tiles_flat_01.jpg
  artifactKey: Guid(b16081aabddf6864fb3a84dadbef9a7a) Importer(815301076,1909f56bfc062723c751e8b465ee728b)
Start importing Assets/Scene Import/Tiles_flat_01.jpg using Guid(b16081aabddf6864fb3a84dadbef9a7a) Importer(815301076,1909f56bfc062723c751e8b465ee728b)  -> (artifact id: 'e2f538287de68d8a8d8ce62fdb6f7a10') in 0.033042 seconds
  Import took 0.034993 seconds .

========================================================================
Received Import Request.
  Time since last request: 364.971156 seconds.
  path: Assets/Scenes
  artifactKey: Guid(15e6e19d5138a324db4eabc50736bbf7) Importer(815301076,1909f56bfc062723c751e8b465ee728b)
Start importing Assets/Scenes using Guid(15e6e19d5138a324db4eabc50736bbf7) Importer(815301076,1909f56bfc062723c751e8b465ee728b)  -> (artifact id: 'b00fd70ba8f82c32ea068c4b64aea3e7') in 0.461598 seconds
  Import took 0.478917 seconds .

========================================================================
Received Import Request.
  Time since last request: 4.825780 seconds.
  path: Assets/Scenes/SampleScene.unity
  artifactKey: Guid(9fc0d4010bbf28b4594072e72b8655ab) Importer(815301076,1909f56bfc062723c751e8b465ee728b)
Start importing Assets/Scenes/SampleScene.unity using Guid(9fc0d4010bbf28b4594072e72b8655ab) Importer(815301076,1909f56bfc062723c751e8b465ee728b)  -> (artifact id: '442900c9c704ecdfb1c6a513debc56d6') in 0.007540 seconds
  Import took 0.009215 seconds .

========================================================================
Received Import Request.
  Time since last request: 12.255565 seconds.
  path: Assets/Scenes/Restaurant.unity
  artifactKey: Guid(9fc0d4010bbf28b4594072e72b8655ab) Importer(815301076,1909f56bfc062723c751e8b465ee728b)
Start importing Assets/Scenes/Restaurant.unity using Guid(9fc0d4010bbf28b4594072e72b8655ab) Importer(815301076,1909f56bfc062723c751e8b465ee728b)  -> (artifact id: 'c9bbadf497cf6c2aac0e9937916ad7f4') in 0.016879 seconds
  Import took 0.030205 seconds .

AssetImportWorkerClient::OnTransportError - code=2 error=End of file
