Using pre-set license
Built from '2020.2/release' branch; Version is '2020.2.4f1 (becced5a802b) revision 12504301'; Using compiler version '192528614'; Build Type 'Release'
OS: 'Windows 10 Pro; OS build 19042.804; Version 2009; 64bit' Language: 'en' Physical Memory: 16288 MB
BatchMode: 1, IsHumanControllingUs: 0, StartBugReporterOnCrash: 0, Is64bit: 1, IsPro: 0

 COMMAND LINE ARGUMENTS:
E:\UnityEditors\2020.2.4f1\Editor\Unity.exe
-adb2
-batchMode
-noUpm
-name
AssetImportWorker0
-projectPath
C:/Users/Jeremy Ivan/Data/Documents/GitHub/SIM495_Project/SIM495 Project
-logFile
Logs/AssetImportWorker0.log
-srvPort
59881
Successfully changed project path to: C:/Users/Jeremy Ivan/Data/Documents/GitHub/SIM495_Project/SIM495 Project
C:/Users/Jeremy Ivan/Data/Documents/GitHub/SIM495_Project/SIM495 Project
Using Asset Import Pipeline V2.
Refreshing native plugins compatible for Editor in 17.61 ms, found 0 plugins.
Preloading 0 native plugins for Editor in 0.00 ms.
Initialize engine version: 2020.2.4f1 (becced5a802b)
[Subsystems] Discovering subsystems at path E:/UnityEditors/2020.2.4f1/Editor/Data/Resources/UnitySubsystems
[Subsystems] Discovering subsystems at path C:/Users/Jeremy Ivan/Data/Documents/GitHub/SIM495_Project/SIM495 Project/Assets
GfxDevice: creating device client; threaded=0
Direct3D:
    Version:  Direct3D 11.0 [level 11.1]
    Renderer: NVIDIA GeForce RTX 2060 (ID=0x1f08)
    Vendor:   
    VRAM:     5980 MB
    Driver:   27.21.14.5785
Initialize mono
Mono path[0] = 'E:/UnityEditors/2020.2.4f1/Editor/Data/Managed'
Mono path[1] = 'E:/UnityEditors/2020.2.4f1/Editor/Data/MonoBleedingEdge/lib/mono/unityjit'
Mono config path = 'E:/UnityEditors/2020.2.4f1/Editor/Data/MonoBleedingEdge/etc'
Using monoOptions --debugger-agent=transport=dt_socket,embedding=1,server=y,suspend=n,address=127.0.0.1:56424
Begin MonoManager ReloadAssembly
Registering precompiled unity dll's ...
Register platform support module: E:/UnityEditors/2020.2.4f1/Editor/Data/PlaybackEngines/WindowsStandaloneSupport/UnityEditor.WindowsStandalone.Extensions.dll
Registered in 0.000749 seconds.
Native extension for WindowsStandalone target not found
Refreshing native plugins compatible for Editor in 17.60 ms, found 0 plugins.
Preloading 0 native plugins for Editor in 0.00 ms.
Invoked RoslynAnalysisRunner static constructor.
RoslynAnalysisRunner will not be running.
RoslynAnalysisRunner has terminated.
Mono: successfully reloaded assembly
- Completed reload, in  0.634 seconds
Platform modules already initialized, skipping
Registering precompiled user dll's ...
Registered in 0.000475 seconds.
Begin MonoManager ReloadAssembly
Native extension for WindowsStandalone target not found
Refreshing native plugins compatible for Editor in 0.17 ms, found 0 plugins.
Preloading 0 native plugins for Editor in 0.00 ms.
Invoked RoslynAnalysisRunner static constructor.
RoslynAnalysisRunner will not be running.
RoslynAnalysisRunner has terminated.
Mono: successfully reloaded assembly
- Completed reload, in  0.609 seconds
Platform modules already initialized, skipping
========================================================================
Worker process is ready to serve import requests
Launched and connected shader compiler UnityShaderCompiler.exe after 0.03 seconds
Refreshing native plugins compatible for Editor in 0.18 ms, found 0 plugins.
Preloading 0 native plugins for Editor in 0.00 ms.
Unloading 1100 Unused Serialized files (Serialized files now loaded: 0)
System memory in use before: 56.6 MB.
System memory in use after: 56.7 MB.

Unloading 10 unused Assets to reduce memory usage. Loaded Objects now: 1541.
Total: 1.432300 ms (FindLiveObjects: 0.103700 ms CreateObjectMapping: 0.026700 ms MarkObjects: 1.243200 ms  DeleteObjects: 0.058000 ms)

========================================================================
Received Import Request.
  path: Assets/Scenes
  artifactKey: Guid(15e6e19d5138a324db4eabc50736bbf7) Importer(815301076,1909f56bfc062723c751e8b465ee728b)
Start importing Assets/Scenes using Guid(15e6e19d5138a324db4eabc50736bbf7) Importer(815301076,1909f56bfc062723c751e8b465ee728b)  -> (artifact id: 'e17fcdf4776a1ac57588565f7cf037f9') in 0.006365 seconds
  Import took 0.007818 seconds .

========================================================================
Received Import Request.
  Time since last request: 8.488585 seconds.
  path: Assets/Scenes/Large_Map.unity
  artifactKey: Guid(e26fd20de5d71ab46b25e50efcc2db45) Importer(815301076,1909f56bfc062723c751e8b465ee728b)
Start importing Assets/Scenes/Large_Map.unity using Guid(e26fd20de5d71ab46b25e50efcc2db45) Importer(815301076,1909f56bfc062723c751e8b465ee728b)  -> (artifact id: '8c3bcece9d70b3a38572d66b0b2d5640') in 0.011589 seconds
  Import took 0.013149 seconds .

========================================================================
Received Import Request.
  Time since last request: 27.763180 seconds.
  path: Assets/Texture
  artifactKey: Guid(65b5fb07cdbada04eba3548fa837aff1) Importer(815301076,1909f56bfc062723c751e8b465ee728b)
Start importing Assets/Texture using Guid(65b5fb07cdbada04eba3548fa837aff1) Importer(815301076,1909f56bfc062723c751e8b465ee728b)  -> (artifact id: 'd26c048f860a44af86475f4fcb65f3b5') in 0.005643 seconds
  Import took 0.007563 seconds .

========================================================================
Received Import Request.
  Time since last request: 0.000443 seconds.
  path: Assets/Texture
  artifactKey: Guid(65b5fb07cdbada04eba3548fa837aff1) Importer(815301076,1909f56bfc062723c751e8b465ee728b)
Start importing Assets/Texture using Guid(65b5fb07cdbada04eba3548fa837aff1) Importer(815301076,1909f56bfc062723c751e8b465ee728b)  -> (artifact id: 'd26c048f860a44af86475f4fcb65f3b5') in 0.002186 seconds
  Import took 0.003780 seconds .

========================================================================
Received Import Request.
  Time since last request: 25.489037 seconds.
  path: Assets/Texture/CampusMap.PNG
  artifactKey: Guid(f07590d31575f3047acf434c86e80fe6) Importer(815301076,1909f56bfc062723c751e8b465ee728b)
Start importing Assets/Texture/CampusMap.PNG using Guid(f07590d31575f3047acf434c86e80fe6) Importer(815301076,1909f56bfc062723c751e8b465ee728b)  -> (artifact id: 'f8eb749420328b4cc6b3b573c3743f2c') in 0.050765 seconds
  Import took 0.052458 seconds .

========================================================================
Received Import Request.
  Time since last request: 0.014012 seconds.
  path: Assets/Texture/CampusMap.PNG
  artifactKey: Guid(f07590d31575f3047acf434c86e80fe6) Importer(815301076,1909f56bfc062723c751e8b465ee728b)
Start importing Assets/Texture/CampusMap.PNG using Guid(f07590d31575f3047acf434c86e80fe6) Importer(815301076,1909f56bfc062723c751e8b465ee728b)  -> (artifact id: 'f8eb749420328b4cc6b3b573c3743f2c') in 0.073243 seconds
  Import took 0.074826 seconds .

========================================================================
Received Import Request.
  Time since last request: 24.701819 seconds.
  path: Assets/Material
  artifactKey: Guid(6aeebcbabf5343c49a3e23a8534b893b) Importer(815301076,1909f56bfc062723c751e8b465ee728b)
Start importing Assets/Material using Guid(6aeebcbabf5343c49a3e23a8534b893b) Importer(815301076,1909f56bfc062723c751e8b465ee728b)  -> (artifact id: '165934ac33c5f021f2403ee54e520026') in 0.006169 seconds
  Import took 0.007828 seconds .

========================================================================
Received Import Request.
  Time since last request: 0.000688 seconds.
  path: Assets/Material
  artifactKey: Guid(6aeebcbabf5343c49a3e23a8534b893b) Importer(815301076,1909f56bfc062723c751e8b465ee728b)
Start importing Assets/Material using Guid(6aeebcbabf5343c49a3e23a8534b893b) Importer(815301076,1909f56bfc062723c751e8b465ee728b)  -> (artifact id: '165934ac33c5f021f2403ee54e520026') in 0.002222 seconds
  Import took 0.003692 seconds .

========================================================================
Received Import Request.
  Time since last request: 18.065664 seconds.
  path: Assets/Material/CampusMap.mat
  artifactKey: Guid(fba3e295bd09d5c47b21d3dd3cbe7fa4) Importer(815301076,1909f56bfc062723c751e8b465ee728b)
Start importing Assets/Material/CampusMap.mat using Guid(fba3e295bd09d5c47b21d3dd3cbe7fa4) Importer(815301076,1909f56bfc062723c751e8b465ee728b)  -> (artifact id: '6df7ae83fbe94b99c015092355144055') in 0.065575 seconds
  Import took 0.067408 seconds .

========================================================================
Received Import Request.
  Time since last request: 2.590349 seconds.
  path: Assets/Scene Import/Black slate Cropped.jpg
  artifactKey: Guid(8bd4709add802594b9ef7f50b50da3fb) Importer(815301076,1909f56bfc062723c751e8b465ee728b)
Start importing Assets/Scene Import/Black slate Cropped.jpg using Guid(8bd4709add802594b9ef7f50b50da3fb) Importer(815301076,1909f56bfc062723c751e8b465ee728b)  -> (artifact id: '683d548db839cbd10ce7cbcd14ea3de0') in 0.023843 seconds
  Import took 0.025516 seconds .

========================================================================
Received Import Request.
  Time since last request: 0.000249 seconds.
  path: Assets/Scene Import/Tiles_flat_01.jpg
  artifactKey: Guid(b16081aabddf6864fb3a84dadbef9a7a) Importer(815301076,1909f56bfc062723c751e8b465ee728b)
Start importing Assets/Scene Import/Tiles_flat_01.jpg using Guid(b16081aabddf6864fb3a84dadbef9a7a) Importer(815301076,1909f56bfc062723c751e8b465ee728b)  -> (artifact id: '57e9b591ad172961cc4c8c1cf6a5cee8') in 0.013973 seconds
  Import took 0.015552 seconds .

========================================================================
Received Import Request.
  Time since last request: 0.000228 seconds.
  path: Assets/Scene Import/Burger Menu.jpg
  artifactKey: Guid(d548b5d65240e544782bf3523fd25c6c) Importer(815301076,1909f56bfc062723c751e8b465ee728b)
Start importing Assets/Scene Import/Burger Menu.jpg using Guid(d548b5d65240e544782bf3523fd25c6c) Importer(815301076,1909f56bfc062723c751e8b465ee728b)  -> (artifact id: 'f848b6965b0726979600a34d34233683') in 0.012887 seconds
  Import took 0.014572 seconds .

========================================================================
Received Import Request.
  Time since last request: 0.000180 seconds.
  path: Assets/Scene Import/Black slate Cropped.jpg
  artifactKey: Guid(8bd4709add802594b9ef7f50b50da3fb) Importer(815301076,1909f56bfc062723c751e8b465ee728b)
Start importing Assets/Scene Import/Black slate Cropped.jpg using Guid(8bd4709add802594b9ef7f50b50da3fb) Importer(815301076,1909f56bfc062723c751e8b465ee728b)  -> (artifact id: '683d548db839cbd10ce7cbcd14ea3de0') in 0.010192 seconds
  Import took 0.011960 seconds .

========================================================================
Received Import Request.
  Time since last request: 0.000203 seconds.
  path: Assets/Scene Import/Map__8_Raytrace.tga
  artifactKey: Guid(6c71cb490c8f2184c8303455d35c86bb) Importer(815301076,1909f56bfc062723c751e8b465ee728b)
Start importing Assets/Scene Import/Map__8_Raytrace.tga using Guid(6c71cb490c8f2184c8303455d35c86bb) Importer(815301076,1909f56bfc062723c751e8b465ee728b)  -> (artifact id: '9fe1edabb3d9d6e57317dfdfce4d2b61') in 0.015633 seconds
  Import took 0.017315 seconds .

========================================================================
Received Import Request.
  Time since last request: 0.000197 seconds.
  path: Assets/Scene Import/Seamless marble tile texture 01.jpg
  artifactKey: Guid(b948a5f52c5f7b646a2d0bb5be1c6911) Importer(815301076,1909f56bfc062723c751e8b465ee728b)
Start importing Assets/Scene Import/Seamless marble tile texture 01.jpg using Guid(b948a5f52c5f7b646a2d0bb5be1c6911) Importer(815301076,1909f56bfc062723c751e8b465ee728b)  -> (artifact id: '9acfb30766da33b8900da6ab9f4677b1') in 0.015868 seconds
  Import took 0.017418 seconds .

========================================================================
Received Import Request.
  Time since last request: 0.000237 seconds.
  path: Assets/Scene Import/wall_tiles_texture_011.png
  artifactKey: Guid(9b8ed57bb2fac5c4eaf094775bcc06ea) Importer(815301076,1909f56bfc062723c751e8b465ee728b)
Start importing Assets/Scene Import/wall_tiles_texture_011.png using Guid(9b8ed57bb2fac5c4eaf094775bcc06ea) Importer(815301076,1909f56bfc062723c751e8b465ee728b)  -> (artifact id: 'd9257727dba0149f63b12a75b4edca3b') in 0.014866 seconds
  Import took 0.016462 seconds .

========================================================================
Received Import Request.
  Time since last request: 0.000226 seconds.
  path: Assets/Scene Import/Marble blocks.jpg
  artifactKey: Guid(88d535480b2f52e43bb652d830be7d3a) Importer(815301076,1909f56bfc062723c751e8b465ee728b)
Start importing Assets/Scene Import/Marble blocks.jpg using Guid(88d535480b2f52e43bb652d830be7d3a) Importer(815301076,1909f56bfc062723c751e8b465ee728b)  -> (artifact id: '036964c5c548c03287de3927d6b1c919') in 0.015307 seconds
  Import took 0.016963 seconds .

========================================================================
Received Import Request.
  Time since last request: 1090.499599 seconds.
  path: Assets/Material/CampusMap.mat
  artifactKey: Guid(fba3e295bd09d5c47b21d3dd3cbe7fa4) Importer(815301076,1909f56bfc062723c751e8b465ee728b)
Start importing Assets/Material/CampusMap.mat using Guid(fba3e295bd09d5c47b21d3dd3cbe7fa4) Importer(815301076,1909f56bfc062723c751e8b465ee728b)  -> (artifact id: 'c4bc147ff824e6d6db84410e7609f401') in 0.075474 seconds
  Import took 0.077368 seconds .

========================================================================
Received Import Request.
  Time since last request: 1262.864042 seconds.
  path: Assets/Scripts
  artifactKey: Guid(f98d6f49ac1af8249909a3c2008a4315) Importer(815301076,1909f56bfc062723c751e8b465ee728b)
Start importing Assets/Scripts using Guid(f98d6f49ac1af8249909a3c2008a4315) Importer(815301076,1909f56bfc062723c751e8b465ee728b)  -> (artifact id: '8011a57a949cdce3b2570cc82ef1a327') in 0.005493 seconds
  Import took 0.007364 seconds .

========================================================================
Received Import Request.
  Time since last request: 0.000548 seconds.
  path: Assets/Scripts
  artifactKey: Guid(f98d6f49ac1af8249909a3c2008a4315) Importer(815301076,1909f56bfc062723c751e8b465ee728b)
Start importing Assets/Scripts using Guid(f98d6f49ac1af8249909a3c2008a4315) Importer(815301076,1909f56bfc062723c751e8b465ee728b)  -> (artifact id: '8011a57a949cdce3b2570cc82ef1a327') in 0.002078 seconds
  Import took 0.003560 seconds .

========================================================================
Received Import Request.
  Time since last request: 11.575247 seconds.
  path: Assets/Scripts/SimpleCameraController.cs
  artifactKey: Guid(8236de459779d2d458e0cc7233419b91) Importer(815301076,1909f56bfc062723c751e8b465ee728b)
Start importing Assets/Scripts/SimpleCameraController.cs using Guid(8236de459779d2d458e0cc7233419b91) Importer(815301076,1909f56bfc062723c751e8b465ee728b)  -> (artifact id: 'd969a04e0cd7afbf1714665064543205') in 0.012275 seconds
  Import took 0.014112 seconds .

========================================================================
Received Prepare
Registering precompiled user dll's ...
Registered in 0.000503 seconds.
Begin MonoManager ReloadAssembly
Native extension for WindowsStandalone target not found
Refreshing native plugins compatible for Editor in 0.18 ms, found 0 plugins.
Preloading 0 native plugins for Editor in 0.00 ms.
Invoked RoslynAnalysisRunner static constructor.
RoslynAnalysisRunner will not be running.
RoslynAnalysisRunner has terminated.
Mono: successfully reloaded assembly
- Completed reload, in  0.612 seconds
Platform modules already initialized, skipping
Refreshing native plugins compatible for Editor in 0.16 ms, found 0 plugins.
Preloading 0 native plugins for Editor in 0.00 ms.
Unloading 1096 Unused Serialized files (Serialized files now loaded: 0)
System memory in use before: 60.0 MB.
System memory in use after: 60.1 MB.

Unloading 5 unused Assets to reduce memory usage. Loaded Objects now: 1586.
Total: 1.239700 ms (FindLiveObjects: 0.103200 ms CreateObjectMapping: 0.026700 ms MarkObjects: 1.067100 ms  DeleteObjects: 0.042000 ms)

========================================================================
Received Import Request.
  Time since last request: 12.154231 seconds.
  path: Assets/Scripts/SimpleISOPivotCameraController.cs
  artifactKey: Guid(8236de459779d2d458e0cc7233419b91) Importer(815301076,1909f56bfc062723c751e8b465ee728b)
Start importing Assets/Scripts/SimpleISOPivotCameraController.cs using Guid(8236de459779d2d458e0cc7233419b91) Importer(815301076,1909f56bfc062723c751e8b465ee728b)  -> (artifact id: 'e1fbc6e3ea77dabbc8504652fde8ae7b') in 0.007584 seconds
  Import took 0.009201 seconds .

========================================================================
Received Prepare
Registering precompiled user dll's ...
Registered in 0.000470 seconds.
Begin MonoManager ReloadAssembly
Native extension for WindowsStandalone target not found
Refreshing native plugins compatible for Editor in 0.18 ms, found 0 plugins.
Preloading 0 native plugins for Editor in 0.00 ms.
Invoked RoslynAnalysisRunner static constructor.
RoslynAnalysisRunner will not be running.
RoslynAnalysisRunner has terminated.
Mono: successfully reloaded assembly
- Completed reload, in  0.584 seconds
Platform modules already initialized, skipping
Refreshing native plugins compatible for Editor in 0.16 ms, found 0 plugins.
Preloading 0 native plugins for Editor in 0.00 ms.
Unloading 1096 Unused Serialized files (Serialized files now loaded: 0)
System memory in use before: 60.0 MB.
System memory in use after: 60.1 MB.

Unloading 5 unused Assets to reduce memory usage. Loaded Objects now: 1588.
Total: 1.475800 ms (FindLiveObjects: 0.136800 ms CreateObjectMapping: 0.044800 ms MarkObjects: 1.249800 ms  DeleteObjects: 0.043500 ms)

========================================================================
Received Import Request.
  Time since last request: 10.146251 seconds.
  path: Assets/Scripts/SimpleIsoPivotCameraController.cs
  artifactKey: Guid(8236de459779d2d458e0cc7233419b91) Importer(815301076,1909f56bfc062723c751e8b465ee728b)
Start importing Assets/Scripts/SimpleIsoPivotCameraController.cs using Guid(8236de459779d2d458e0cc7233419b91) Importer(815301076,1909f56bfc062723c751e8b465ee728b)  -> (artifact id: 'ddeb27dc02ff993b20e9bfb4e867ba36') in 0.006738 seconds
  Import took 0.008341 seconds .

========================================================================
Received Prepare
Registering precompiled user dll's ...
Registered in 0.000461 seconds.
Begin MonoManager ReloadAssembly
Native extension for WindowsStandalone target not found
Refreshing native plugins compatible for Editor in 0.17 ms, found 0 plugins.
Preloading 0 native plugins for Editor in 0.00 ms.
Invoked RoslynAnalysisRunner static constructor.
RoslynAnalysisRunner will not be running.
RoslynAnalysisRunner has terminated.
Mono: successfully reloaded assembly
- Completed reload, in  0.570 seconds
Platform modules already initialized, skipping
Refreshing native plugins compatible for Editor in 0.17 ms, found 0 plugins.
Preloading 0 native plugins for Editor in 0.00 ms.
Unloading 1096 Unused Serialized files (Serialized files now loaded: 0)
System memory in use before: 60.0 MB.
System memory in use after: 60.1 MB.

Unloading 5 unused Assets to reduce memory usage. Loaded Objects now: 1590.
Total: 1.508500 ms (FindLiveObjects: 0.121000 ms CreateObjectMapping: 0.036400 ms MarkObjects: 1.304200 ms  DeleteObjects: 0.045700 ms)

========================================================================
Received Prepare
Registering precompiled user dll's ...
Registered in 0.000502 seconds.
Begin MonoManager ReloadAssembly
Native extension for WindowsStandalone target not found
Refreshing native plugins compatible for Editor in 0.19 ms, found 0 plugins.
Preloading 0 native plugins for Editor in 0.00 ms.
Invoked RoslynAnalysisRunner static constructor.
RoslynAnalysisRunner will not be running.
RoslynAnalysisRunner has terminated.
Mono: successfully reloaded assembly
- Completed reload, in  0.628 seconds
Platform modules already initialized, skipping
Refreshing native plugins compatible for Editor in 0.17 ms, found 0 plugins.
Preloading 0 native plugins for Editor in 0.00 ms.
Unloading 1096 Unused Serialized files (Serialized files now loaded: 0)
System memory in use before: 60.0 MB.
System memory in use after: 60.1 MB.

Unloading 5 unused Assets to reduce memory usage. Loaded Objects now: 1592.
Total: 1.629000 ms (FindLiveObjects: 0.166500 ms CreateObjectMapping: 0.050100 ms MarkObjects: 1.350400 ms  DeleteObjects: 0.060500 ms)

========================================================================
Received Import Request.
  Time since last request: 983.019186 seconds.
  path: Assets/Scripts/SimpleIsoPivotCameraController.cs
  artifactKey: Guid(8236de459779d2d458e0cc7233419b91) Importer(815301076,1909f56bfc062723c751e8b465ee728b)
Start importing Assets/Scripts/SimpleIsoPivotCameraController.cs using Guid(8236de459779d2d458e0cc7233419b91) Importer(815301076,1909f56bfc062723c751e8b465ee728b)  -> (artifact id: 'c292ad5ec3725f8fb04f93bd7cc4e22b') in 0.006552 seconds
  Import took 0.008112 seconds .

========================================================================
Received Prepare
Registering precompiled user dll's ...
Registered in 0.000500 seconds.
Begin MonoManager ReloadAssembly
Native extension for WindowsStandalone target not found
Refreshing native plugins compatible for Editor in 0.17 ms, found 0 plugins.
Preloading 0 native plugins for Editor in 0.00 ms.
Invoked RoslynAnalysisRunner static constructor.
RoslynAnalysisRunner will not be running.
RoslynAnalysisRunner has terminated.
Mono: successfully reloaded assembly
- Completed reload, in  0.586 seconds
Platform modules already initialized, skipping
Refreshing native plugins compatible for Editor in 0.24 ms, found 0 plugins.
Preloading 0 native plugins for Editor in 0.00 ms.
Unloading 1096 Unused Serialized files (Serialized files now loaded: 0)
System memory in use before: 60.1 MB.
System memory in use after: 60.1 MB.

Unloading 5 unused Assets to reduce memory usage. Loaded Objects now: 1594.
Total: 1.538700 ms (FindLiveObjects: 0.112300 ms CreateObjectMapping: 0.028300 ms MarkObjects: 1.348100 ms  DeleteObjects: 0.048900 ms)

========================================================================
Received Prepare
Registering precompiled user dll's ...
Registered in 0.000454 seconds.
Begin MonoManager ReloadAssembly
Native extension for WindowsStandalone target not found
Refreshing native plugins compatible for Editor in 0.19 ms, found 0 plugins.
Preloading 0 native plugins for Editor in 0.00 ms.
Invoked RoslynAnalysisRunner static constructor.
RoslynAnalysisRunner will not be running.
RoslynAnalysisRunner has terminated.
Mono: successfully reloaded assembly
- Completed reload, in  0.603 seconds
Platform modules already initialized, skipping
Refreshing native plugins compatible for Editor in 0.17 ms, found 0 plugins.
Preloading 0 native plugins for Editor in 0.00 ms.
Unloading 1096 Unused Serialized files (Serialized files now loaded: 0)
System memory in use before: 60.1 MB.
System memory in use after: 60.1 MB.

Unloading 5 unused Assets to reduce memory usage. Loaded Objects now: 1596.
Total: 1.281700 ms (FindLiveObjects: 0.119300 ms CreateObjectMapping: 0.029600 ms MarkObjects: 1.090300 ms  DeleteObjects: 0.041400 ms)

========================================================================
Received Prepare
Registering precompiled user dll's ...
Registered in 0.000584 seconds.
Begin MonoManager ReloadAssembly
Native extension for WindowsStandalone target not found
Refreshing native plugins compatible for Editor in 0.19 ms, found 0 plugins.
Preloading 0 native plugins for Editor in 0.00 ms.
Invoked RoslynAnalysisRunner static constructor.
RoslynAnalysisRunner will not be running.
RoslynAnalysisRunner has terminated.
Mono: successfully reloaded assembly
- Completed reload, in  0.622 seconds
Platform modules already initialized, skipping
Refreshing native plugins compatible for Editor in 0.18 ms, found 0 plugins.
Preloading 0 native plugins for Editor in 0.00 ms.
Unloading 1096 Unused Serialized files (Serialized files now loaded: 0)
System memory in use before: 60.1 MB.
System memory in use after: 60.1 MB.

Unloading 5 unused Assets to reduce memory usage. Loaded Objects now: 1598.
Total: 1.369700 ms (FindLiveObjects: 0.112300 ms CreateObjectMapping: 0.029100 ms MarkObjects: 1.184100 ms  DeleteObjects: 0.043300 ms)

========================================================================
Received Prepare
Registering precompiled user dll's ...
Registered in 0.000497 seconds.
Begin MonoManager ReloadAssembly
Native extension for WindowsStandalone target not found
Refreshing native plugins compatible for Editor in 0.18 ms, found 0 plugins.
Preloading 0 native plugins for Editor in 0.00 ms.
Invoked RoslynAnalysisRunner static constructor.
RoslynAnalysisRunner will not be running.
RoslynAnalysisRunner has terminated.
Mono: successfully reloaded assembly
- Completed reload, in  0.599 seconds
Platform modules already initialized, skipping
Refreshing native plugins compatible for Editor in 0.17 ms, found 0 plugins.
Preloading 0 native plugins for Editor in 0.00 ms.
Unloading 1096 Unused Serialized files (Serialized files now loaded: 0)
System memory in use before: 60.1 MB.
System memory in use after: 60.1 MB.

Unloading 5 unused Assets to reduce memory usage. Loaded Objects now: 1600.
Total: 1.429200 ms (FindLiveObjects: 0.136900 ms CreateObjectMapping: 0.041200 ms MarkObjects: 1.205600 ms  DeleteObjects: 0.044300 ms)

========================================================================
Received Prepare
Registering precompiled user dll's ...
Registered in 0.000471 seconds.
Begin MonoManager ReloadAssembly
Native extension for WindowsStandalone target not found
Refreshing native plugins compatible for Editor in 0.17 ms, found 0 plugins.
Preloading 0 native plugins for Editor in 0.00 ms.
Invoked RoslynAnalysisRunner static constructor.
RoslynAnalysisRunner will not be running.
RoslynAnalysisRunner has terminated.
Mono: successfully reloaded assembly
- Completed reload, in  0.575 seconds
Platform modules already initialized, skipping
Refreshing native plugins compatible for Editor in 0.17 ms, found 0 plugins.
Preloading 0 native plugins for Editor in 0.00 ms.
Unloading 1096 Unused Serialized files (Serialized files now loaded: 0)
System memory in use before: 60.1 MB.
System memory in use after: 60.2 MB.

Unloading 5 unused Assets to reduce memory usage. Loaded Objects now: 1602.
Total: 1.293500 ms (FindLiveObjects: 0.111900 ms CreateObjectMapping: 0.026200 ms MarkObjects: 1.114100 ms  DeleteObjects: 0.040500 ms)

========================================================================
Received Prepare
Registering precompiled user dll's ...
Registered in 0.000545 seconds.
Begin MonoManager ReloadAssembly
Native extension for WindowsStandalone target not found
Refreshing native plugins compatible for Editor in 0.17 ms, found 0 plugins.
Preloading 0 native plugins for Editor in 0.00 ms.
Invoked RoslynAnalysisRunner static constructor.
RoslynAnalysisRunner will not be running.
RoslynAnalysisRunner has terminated.
Mono: successfully reloaded assembly
- Completed reload, in  0.589 seconds
Platform modules already initialized, skipping
Refreshing native plugins compatible for Editor in 0.17 ms, found 0 plugins.
Preloading 0 native plugins for Editor in 0.00 ms.
Unloading 1096 Unused Serialized files (Serialized files now loaded: 0)
System memory in use before: 60.1 MB.
System memory in use after: 60.2 MB.

Unloading 5 unused Assets to reduce memory usage. Loaded Objects now: 1604.
Total: 1.651900 ms (FindLiveObjects: 0.167900 ms CreateObjectMapping: 0.055900 ms MarkObjects: 1.374200 ms  DeleteObjects: 0.052600 ms)

========================================================================
Received Prepare
Registering precompiled user dll's ...
Registered in 0.000474 seconds.
Begin MonoManager ReloadAssembly
Native extension for WindowsStandalone target not found
Refreshing native plugins compatible for Editor in 0.19 ms, found 0 plugins.
Preloading 0 native plugins for Editor in 0.00 ms.
Invoked RoslynAnalysisRunner static constructor.
RoslynAnalysisRunner will not be running.
RoslynAnalysisRunner has terminated.
Mono: successfully reloaded assembly
- Completed reload, in  0.590 seconds
Platform modules already initialized, skipping
Refreshing native plugins compatible for Editor in 0.17 ms, found 0 plugins.
Preloading 0 native plugins for Editor in 0.00 ms.
Unloading 1096 Unused Serialized files (Serialized files now loaded: 0)
System memory in use before: 60.1 MB.
System memory in use after: 60.2 MB.

Unloading 5 unused Assets to reduce memory usage. Loaded Objects now: 1606.
Total: 1.508200 ms (FindLiveObjects: 0.126600 ms CreateObjectMapping: 0.037200 ms MarkObjects: 1.300000 ms  DeleteObjects: 0.043300 ms)

========================================================================
Received Prepare
Registering precompiled user dll's ...
Registered in 0.000481 seconds.
Begin MonoManager ReloadAssembly
Native extension for WindowsStandalone target not found
Refreshing native plugins compatible for Editor in 0.19 ms, found 0 plugins.
Preloading 0 native plugins for Editor in 0.00 ms.
Invoked RoslynAnalysisRunner static constructor.
RoslynAnalysisRunner will not be running.
RoslynAnalysisRunner has terminated.
Mono: successfully reloaded assembly
- Completed reload, in  0.597 seconds
Platform modules already initialized, skipping
Refreshing native plugins compatible for Editor in 0.17 ms, found 0 plugins.
Preloading 0 native plugins for Editor in 0.00 ms.
Unloading 1096 Unused Serialized files (Serialized files now loaded: 0)
System memory in use before: 60.1 MB.
System memory in use after: 60.2 MB.

Unloading 5 unused Assets to reduce memory usage. Loaded Objects now: 1608.
Total: 1.449800 ms (FindLiveObjects: 0.118000 ms CreateObjectMapping: 0.034300 ms MarkObjects: 1.248900 ms  DeleteObjects: 0.047300 ms)

========================================================================
Received Prepare
Registering precompiled user dll's ...
Registered in 0.000472 seconds.
Begin MonoManager ReloadAssembly
Native extension for WindowsStandalone target not found
Refreshing native plugins compatible for Editor in 0.18 ms, found 0 plugins.
Preloading 0 native plugins for Editor in 0.00 ms.
Invoked RoslynAnalysisRunner static constructor.
RoslynAnalysisRunner will not be running.
RoslynAnalysisRunner has terminated.
Mono: successfully reloaded assembly
- Completed reload, in  0.591 seconds
Platform modules already initialized, skipping
Refreshing native plugins compatible for Editor in 0.16 ms, found 0 plugins.
Preloading 0 native plugins for Editor in 0.00 ms.
Unloading 1096 Unused Serialized files (Serialized files now loaded: 0)
System memory in use before: 60.1 MB.
System memory in use after: 60.2 MB.

Unloading 5 unused Assets to reduce memory usage. Loaded Objects now: 1610.
Total: 1.424600 ms (FindLiveObjects: 0.111000 ms CreateObjectMapping: 0.034700 ms MarkObjects: 1.229900 ms  DeleteObjects: 0.048100 ms)

========================================================================
Received Prepare
Registering precompiled user dll's ...
Registered in 0.000488 seconds.
Begin MonoManager ReloadAssembly
Native extension for WindowsStandalone target not found
Refreshing native plugins compatible for Editor in 0.18 ms, found 0 plugins.
Preloading 0 native plugins for Editor in 0.00 ms.
Invoked RoslynAnalysisRunner static constructor.
RoslynAnalysisRunner will not be running.
RoslynAnalysisRunner has terminated.
Mono: successfully reloaded assembly
- Completed reload, in  0.599 seconds
Platform modules already initialized, skipping
Refreshing native plugins compatible for Editor in 0.17 ms, found 0 plugins.
Preloading 0 native plugins for Editor in 0.00 ms.
Unloading 1096 Unused Serialized files (Serialized files now loaded: 0)
System memory in use before: 60.1 MB.
System memory in use after: 60.2 MB.

Unloading 5 unused Assets to reduce memory usage. Loaded Objects now: 1612.
Total: 1.410400 ms (FindLiveObjects: 0.126400 ms CreateObjectMapping: 0.035400 ms MarkObjects: 1.198000 ms  DeleteObjects: 0.049300 ms)

========================================================================
Received Prepare
Registering precompiled user dll's ...
Registered in 0.000487 seconds.
Begin MonoManager ReloadAssembly
Native extension for WindowsStandalone target not found
Refreshing native plugins compatible for Editor in 0.18 ms, found 0 plugins.
Preloading 0 native plugins for Editor in 0.00 ms.
Invoked RoslynAnalysisRunner static constructor.
RoslynAnalysisRunner will not be running.
RoslynAnalysisRunner has terminated.
Mono: successfully reloaded assembly
- Completed reload, in  0.601 seconds
Platform modules already initialized, skipping
Refreshing native plugins compatible for Editor in 0.17 ms, found 0 plugins.
Preloading 0 native plugins for Editor in 0.00 ms.
Unloading 1096 Unused Serialized files (Serialized files now loaded: 0)
System memory in use before: 60.1 MB.
System memory in use after: 60.2 MB.

Unloading 5 unused Assets to reduce memory usage. Loaded Objects now: 1614.
Total: 1.430800 ms (FindLiveObjects: 0.128400 ms CreateObjectMapping: 0.034600 ms MarkObjects: 1.215500 ms  DeleteObjects: 0.051000 ms)

========================================================================
Received Prepare
Registering precompiled user dll's ...
Registered in 0.000442 seconds.
Begin MonoManager ReloadAssembly
Native extension for WindowsStandalone target not found
Refreshing native plugins compatible for Editor in 0.17 ms, found 0 plugins.
Preloading 0 native plugins for Editor in 0.00 ms.
Invoked RoslynAnalysisRunner static constructor.
RoslynAnalysisRunner will not be running.
RoslynAnalysisRunner has terminated.
Mono: successfully reloaded assembly
- Completed reload, in  0.597 seconds
Platform modules already initialized, skipping
Refreshing native plugins compatible for Editor in 0.17 ms, found 0 plugins.
Preloading 0 native plugins for Editor in 0.00 ms.
Unloading 1096 Unused Serialized files (Serialized files now loaded: 0)
System memory in use before: 60.1 MB.
System memory in use after: 60.2 MB.

Unloading 5 unused Assets to reduce memory usage. Loaded Objects now: 1616.
Total: 1.284600 ms (FindLiveObjects: 0.105900 ms CreateObjectMapping: 0.029600 ms MarkObjects: 1.108600 ms  DeleteObjects: 0.039500 ms)

========================================================================
Received Prepare
Registering precompiled user dll's ...
Registered in 0.000481 seconds.
Begin MonoManager ReloadAssembly
Native extension for WindowsStandalone target not found
Refreshing native plugins compatible for Editor in 0.17 ms, found 0 plugins.
Preloading 0 native plugins for Editor in 0.00 ms.
Invoked RoslynAnalysisRunner static constructor.
RoslynAnalysisRunner will not be running.
RoslynAnalysisRunner has terminated.
Mono: successfully reloaded assembly
- Completed reload, in  0.600 seconds
Platform modules already initialized, skipping
Refreshing native plugins compatible for Editor in 0.17 ms, found 0 plugins.
Preloading 0 native plugins for Editor in 0.00 ms.
Unloading 1096 Unused Serialized files (Serialized files now loaded: 0)
System memory in use before: 60.1 MB.
System memory in use after: 60.2 MB.

Unloading 5 unused Assets to reduce memory usage. Loaded Objects now: 1618.
Total: 1.300000 ms (FindLiveObjects: 0.116600 ms CreateObjectMapping: 0.028300 ms MarkObjects: 1.111500 ms  DeleteObjects: 0.042500 ms)

========================================================================
Received Prepare
Registering precompiled user dll's ...
Registered in 0.000485 seconds.
Begin MonoManager ReloadAssembly
Native extension for WindowsStandalone target not found
Refreshing native plugins compatible for Editor in 0.18 ms, found 0 plugins.
Preloading 0 native plugins for Editor in 0.00 ms.
Invoked RoslynAnalysisRunner static constructor.
RoslynAnalysisRunner will not be running.
RoslynAnalysisRunner has terminated.
Mono: successfully reloaded assembly
- Completed reload, in  0.601 seconds
Platform modules already initialized, skipping
Refreshing native plugins compatible for Editor in 0.16 ms, found 0 plugins.
Preloading 0 native plugins for Editor in 0.00 ms.
Unloading 1096 Unused Serialized files (Serialized files now loaded: 0)
System memory in use before: 60.1 MB.
System memory in use after: 60.2 MB.

Unloading 5 unused Assets to reduce memory usage. Loaded Objects now: 1620.
Total: 1.270100 ms (FindLiveObjects: 0.112100 ms CreateObjectMapping: 0.024400 ms MarkObjects: 1.089500 ms  DeleteObjects: 0.043100 ms)

========================================================================
Received Prepare
Registering precompiled user dll's ...
Registered in 0.000426 seconds.
Begin MonoManager ReloadAssembly
Native extension for WindowsStandalone target not found
Refreshing native plugins compatible for Editor in 0.20 ms, found 0 plugins.
Preloading 0 native plugins for Editor in 0.00 ms.
Invoked RoslynAnalysisRunner static constructor.
RoslynAnalysisRunner will not be running.
RoslynAnalysisRunner has terminated.
Mono: successfully reloaded assembly
- Completed reload, in  0.563 seconds
Platform modules already initialized, skipping
Refreshing native plugins compatible for Editor in 0.17 ms, found 0 plugins.
Preloading 0 native plugins for Editor in 0.00 ms.
Unloading 1096 Unused Serialized files (Serialized files now loaded: 0)
System memory in use before: 60.1 MB.
System memory in use after: 60.2 MB.

Unloading 5 unused Assets to reduce memory usage. Loaded Objects now: 1622.
Total: 1.596500 ms (FindLiveObjects: 0.111300 ms CreateObjectMapping: 0.030200 ms MarkObjects: 1.400100 ms  DeleteObjects: 0.053800 ms)

========================================================================
Received Prepare
Registering precompiled user dll's ...
Registered in 0.000464 seconds.
Begin MonoManager ReloadAssembly
Native extension for WindowsStandalone target not found
Refreshing native plugins compatible for Editor in 0.18 ms, found 0 plugins.
Preloading 0 native plugins for Editor in 0.00 ms.
Invoked RoslynAnalysisRunner static constructor.
RoslynAnalysisRunner will not be running.
RoslynAnalysisRunner has terminated.
Mono: successfully reloaded assembly
- Completed reload, in  0.583 seconds
Platform modules already initialized, skipping
Refreshing native plugins compatible for Editor in 0.17 ms, found 0 plugins.
Preloading 0 native plugins for Editor in 0.00 ms.
Unloading 1096 Unused Serialized files (Serialized files now loaded: 0)
System memory in use before: 60.1 MB.
System memory in use after: 60.2 MB.

Unloading 5 unused Assets to reduce memory usage. Loaded Objects now: 1624.
Total: 1.582200 ms (FindLiveObjects: 0.161700 ms CreateObjectMapping: 0.052600 ms MarkObjects: 1.315300 ms  DeleteObjects: 0.051400 ms)

========================================================================
Received Prepare
Registering precompiled user dll's ...
Registered in 0.000494 seconds.
Begin MonoManager ReloadAssembly
Native extension for WindowsStandalone target not found
Refreshing native plugins compatible for Editor in 0.18 ms, found 0 plugins.
Preloading 0 native plugins for Editor in 0.00 ms.
Invoked RoslynAnalysisRunner static constructor.
RoslynAnalysisRunner will not be running.
RoslynAnalysisRunner has terminated.
Mono: successfully reloaded assembly
- Completed reload, in  0.596 seconds
Platform modules already initialized, skipping
Refreshing native plugins compatible for Editor in 0.16 ms, found 0 plugins.
Preloading 0 native plugins for Editor in 0.00 ms.
Unloading 1096 Unused Serialized files (Serialized files now loaded: 0)
System memory in use before: 60.1 MB.
System memory in use after: 60.2 MB.

Unloading 5 unused Assets to reduce memory usage. Loaded Objects now: 1626.
Total: 1.424800 ms (FindLiveObjects: 0.107000 ms CreateObjectMapping: 0.031500 ms MarkObjects: 1.243500 ms  DeleteObjects: 0.042100 ms)

========================================================================
Received Prepare
Registering precompiled user dll's ...
Registered in 0.000524 seconds.
Begin MonoManager ReloadAssembly
Native extension for WindowsStandalone target not found
Refreshing native plugins compatible for Editor in 0.18 ms, found 0 plugins.
Preloading 0 native plugins for Editor in 0.00 ms.
Invoked RoslynAnalysisRunner static constructor.
RoslynAnalysisRunner will not be running.
RoslynAnalysisRunner has terminated.
Mono: successfully reloaded assembly
- Completed reload, in  0.572 seconds
Platform modules already initialized, skipping
Refreshing native plugins compatible for Editor in 0.17 ms, found 0 plugins.
Preloading 0 native plugins for Editor in 0.00 ms.
Unloading 1096 Unused Serialized files (Serialized files now loaded: 0)
System memory in use before: 60.1 MB.
System memory in use after: 60.2 MB.

Unloading 5 unused Assets to reduce memory usage. Loaded Objects now: 1628.
Total: 1.443600 ms (FindLiveObjects: 0.126800 ms CreateObjectMapping: 0.031700 ms MarkObjects: 1.238000 ms  DeleteObjects: 0.045800 ms)

========================================================================
Received Prepare
Registering precompiled user dll's ...
Registered in 0.000460 seconds.
Begin MonoManager ReloadAssembly
Native extension for WindowsStandalone target not found
Refreshing native plugins compatible for Editor in 0.17 ms, found 0 plugins.
Preloading 0 native plugins for Editor in 0.00 ms.
Invoked RoslynAnalysisRunner static constructor.
RoslynAnalysisRunner will not be running.
RoslynAnalysisRunner has terminated.
Mono: successfully reloaded assembly
- Completed reload, in  0.607 seconds
Platform modules already initialized, skipping
Refreshing native plugins compatible for Editor in 0.17 ms, found 0 plugins.
Preloading 0 native plugins for Editor in 0.00 ms.
Unloading 1096 Unused Serialized files (Serialized files now loaded: 0)
System memory in use before: 60.1 MB.
System memory in use after: 60.2 MB.

Unloading 5 unused Assets to reduce memory usage. Loaded Objects now: 1630.
Total: 1.294200 ms (FindLiveObjects: 0.126800 ms CreateObjectMapping: 0.029200 ms MarkObjects: 1.091100 ms  DeleteObjects: 0.045500 ms)

========================================================================
Received Import Request.
  Time since last request: 1985.901464 seconds.
  path: Assets/Material/Building_Gray.mat
  artifactKey: Guid(f6ccad49ca835f149824590266ff1bda) Importer(815301076,1909f56bfc062723c751e8b465ee728b)
Start importing Assets/Material/Building_Gray.mat using Guid(f6ccad49ca835f149824590266ff1bda) Importer(815301076,1909f56bfc062723c751e8b465ee728b)  -> (artifact id: 'bb52f98b1daf1b35c506f5ce7567558e') in 0.082750 seconds
  Import took 0.084540 seconds .

========================================================================
Received Import Request.
  Time since last request: 119.148782 seconds.
  path: Assets/Material/DiningRoom.renderTexture
  artifactKey: Guid(718dcd7f14685764ba3b6a72ef7fc1e8) Importer(815301076,1909f56bfc062723c751e8b465ee728b)
Start importing Assets/Material/DiningRoom.renderTexture using Guid(718dcd7f14685764ba3b6a72ef7fc1e8) Importer(815301076,1909f56bfc062723c751e8b465ee728b)  -> (artifact id: 'e1e4bf2cde133ce47816e4d6a7a3e87a') in 0.021301 seconds
  Import took 0.023190 seconds .

========================================================================
Received Import Request.
  Time since last request: 0.048636 seconds.
  path: Assets/Material/DiningRoom.renderTexture
  artifactKey: Guid(718dcd7f14685764ba3b6a72ef7fc1e8) Importer(815301076,1909f56bfc062723c751e8b465ee728b)
Start importing Assets/Material/DiningRoom.renderTexture using Guid(718dcd7f14685764ba3b6a72ef7fc1e8) Importer(815301076,1909f56bfc062723c751e8b465ee728b)  -> (artifact id: 'e1e4bf2cde133ce47816e4d6a7a3e87a') in 0.006390 seconds
  Import took 0.007974 seconds .

========================================================================
Received Import Request.
  Time since last request: 78.204757 seconds.
  path: Assets/Scenes/Restaurant.unity
  artifactKey: Guid(9fc0d4010bbf28b4594072e72b8655ab) Importer(815301076,1909f56bfc062723c751e8b465ee728b)
Start importing Assets/Scenes/Restaurant.unity using Guid(9fc0d4010bbf28b4594072e72b8655ab) Importer(815301076,1909f56bfc062723c751e8b465ee728b)  -> (artifact id: '1c3cbe089943e749d0d4ff91a06c776d') in 0.007662 seconds
  Import took 0.009564 seconds .

========================================================================
Received Import Request.
  Time since last request: 193.632079 seconds.
  path: Assets/Scenes/Restaurant.unity
  artifactKey: Guid(9fc0d4010bbf28b4594072e72b8655ab) Importer(815301076,1909f56bfc062723c751e8b465ee728b)
Start importing Assets/Scenes/Restaurant.unity using Guid(9fc0d4010bbf28b4594072e72b8655ab) Importer(815301076,1909f56bfc062723c751e8b465ee728b)  -> (artifact id: 'd8399ce95331a9671d9fbecf116ee919') in 0.003528 seconds
  Import took 0.005483 seconds .

========================================================================
Received Import Request.
  Time since last request: 4.590423 seconds.
  path: Assets/Material/Building_Gray.mat
  artifactKey: Guid(f6ccad49ca835f149824590266ff1bda) Importer(815301076,1909f56bfc062723c751e8b465ee728b)
Start importing Assets/Material/Building_Gray.mat using Guid(f6ccad49ca835f149824590266ff1bda) Importer(815301076,1909f56bfc062723c751e8b465ee728b)  -> (artifact id: '5a97f710c6b5dbb3b1d9505685160f68') in 0.011948 seconds
  Import took 0.013594 seconds .

========================================================================
Received Prepare
Registering precompiled user dll's ...
Registered in 0.000456 seconds.
Begin MonoManager ReloadAssembly
Native extension for WindowsStandalone target not found
Refreshing native plugins compatible for Editor in 0.17 ms, found 0 plugins.
Preloading 0 native plugins for Editor in 0.00 ms.
Invoked RoslynAnalysisRunner static constructor.
RoslynAnalysisRunner will not be running.
RoslynAnalysisRunner has terminated.
Mono: successfully reloaded assembly
- Completed reload, in  0.580 seconds
Platform modules already initialized, skipping
Refreshing native plugins compatible for Editor in 0.17 ms, found 0 plugins.
Preloading 0 native plugins for Editor in 0.00 ms.
Unloading 1096 Unused Serialized files (Serialized files now loaded: 0)
System memory in use before: 60.2 MB.
System memory in use after: 60.3 MB.

Unloading 5 unused Assets to reduce memory usage. Loaded Objects now: 1635.
Total: 1.379700 ms (FindLiveObjects: 0.119700 ms CreateObjectMapping: 0.029800 ms MarkObjects: 1.184400 ms  DeleteObjects: 0.044500 ms)

========================================================================
Received Prepare
Registering precompiled user dll's ...
Registered in 0.000458 seconds.
Begin MonoManager ReloadAssembly
Native extension for WindowsStandalone target not found
Refreshing native plugins compatible for Editor in 0.18 ms, found 0 plugins.
Preloading 0 native plugins for Editor in 0.00 ms.
Invoked RoslynAnalysisRunner static constructor.
RoslynAnalysisRunner will not be running.
RoslynAnalysisRunner has terminated.
Mono: successfully reloaded assembly
- Completed reload, in  0.561 seconds
Platform modules already initialized, skipping
Refreshing native plugins compatible for Editor in 0.17 ms, found 0 plugins.
Preloading 0 native plugins for Editor in 0.00 ms.
Unloading 1096 Unused Serialized files (Serialized files now loaded: 0)
System memory in use before: 60.2 MB.
System memory in use after: 60.3 MB.

Unloading 5 unused Assets to reduce memory usage. Loaded Objects now: 1637.
Total: 1.518500 ms (FindLiveObjects: 0.128600 ms CreateObjectMapping: 0.039900 ms MarkObjects: 1.303900 ms  DeleteObjects: 0.045100 ms)

AssetImportWorkerClient::OnTransportError - code=2 error=End of file
